c:\users\lthpc\desktop\软件挑战赛\ecs\ecsbuild\ecs.dir\debug\test.obj
c:\users\lthpc\desktop\软件挑战赛\ecs\ecsbuild\ecs.dir\debug\print.obj
c:\users\lthpc\desktop\软件挑战赛\ecs\ecsbuild\ecs.dir\debug\predict.obj
c:\users\lthpc\desktop\软件挑战赛\ecs\ecsbuild\ecs.dir\debug\memory.obj
c:\users\lthpc\desktop\软件挑战赛\ecs\ecsbuild\ecs.dir\debug\main.obj
c:\users\lthpc\desktop\软件挑战赛\ecs\ecsbuild\ecs.dir\debug\getleast.obj
c:\users\lthpc\desktop\软件挑战赛\ecs\ecsbuild\ecs.dir\debug\getplan2.obj
c:\users\lthpc\desktop\软件挑战赛\ecs\ecsbuild\ecs.dir\debug\getplan.obj
c:\users\lthpc\desktop\软件挑战赛\ecs\ecsbuild\ecs.dir\debug\getbrain.obj
c:\users\lthpc\desktop\软件挑战赛\ecs\ecsbuild\ecs.dir\debug\getbp.obj
c:\users\lthpc\desktop\软件挑战赛\ecs\ecsbuild\ecs.dir\debug\evaluate.obj
c:\users\lthpc\desktop\软件挑战赛\ecs\ecsbuild\ecs.dir\debug\brain.obj
c:\users\lthpc\desktop\软件挑战赛\ecs\ecsbuild\ecs.dir\debug\2.obj
c:\users\lthpc\desktop\软件挑战赛\ecs\ecsbuild\ecs.dir\debug\timeseriers.obj
c:\users\lthpc\desktop\软件挑战赛\ecs\ecsbuild\cmakefiles\generate.stamp
c:\users\lthpc\desktop\软件挑战赛\ecs\ecsbuild\ecs.dir\debug\ecs.tlog\cl.command.1.tlog
c:\users\lthpc\desktop\软件挑战赛\ecs\ecsbuild\ecs.dir\debug\ecs.tlog\cl.read.1.tlog
c:\users\lthpc\desktop\软件挑战赛\ecs\ecsbuild\ecs.dir\debug\ecs.tlog\cl.write.1.tlog
c:\users\lthpc\desktop\软件挑战赛\ecs\ecsbuild\ecs.dir\debug\ecs.tlog\custombuild.command.1.tlog
c:\users\lthpc\desktop\软件挑战赛\ecs\ecsbuild\ecs.dir\debug\ecs.tlog\custombuild.read.1.tlog
c:\users\lthpc\desktop\软件挑战赛\ecs\ecsbuild\ecs.dir\debug\ecs.tlog\custombuild.write.1.tlog
